2023-02-22T23:17:49.456+01:00  INFO 51429 --- [main] c.t.emailsender.EmailSenderApplication   : Starting EmailSenderApplication using Java 18.0.1.1 with PID 51429 (/home/tomasz/Desktop/email-sender/target/classes started by tomasz in /home/tomasz/Desktop/email-sender)
2023-02-22T23:17:49.462+01:00  INFO 51429 --- [main] c.t.emailsender.EmailSenderApplication   : No active profile set, falling back to 1 default profile: "default"
2023-02-22T23:17:51.762+01:00  INFO 51429 --- [main] .s.d.r.c.RepositoryConfigurationDelegate : Bootstrapping Spring Data JPA repositories in DEFAULT mode.
2023-02-22T23:17:51.972+01:00  INFO 51429 --- [main] .s.d.r.c.RepositoryConfigurationDelegate : Finished Spring Data repository scanning in 195 ms. Found 1 JPA repository interfaces.
2023-02-22T23:17:53.265+01:00  INFO 51429 --- [main] o.s.b.w.embedded.tomcat.TomcatWebServer  : Tomcat initialized with port(s): 9090 (http)
2023-02-22T23:17:53.276+01:00  INFO 51429 --- [main] o.apache.catalina.core.StandardService   : Starting service [Tomcat]
2023-02-22T23:17:53.276+01:00  INFO 51429 --- [main] o.apache.catalina.core.StandardEngine    : Starting Servlet engine: [Apache Tomcat/10.1.5]
2023-02-22T23:17:53.419+01:00  INFO 51429 --- [main] o.a.c.c.C.[Tomcat].[localhost].[/]       : Initializing Spring embedded WebApplicationContext
2023-02-22T23:17:53.425+01:00  INFO 51429 --- [main] w.s.c.ServletWebServerApplicationContext : Root WebApplicationContext: initialization completed in 3775 ms
2023-02-22T23:17:53.535+01:00  INFO 51429 --- [main] com.zaxxer.hikari.HikariDataSource       : HikariPool-1 - Starting...
2023-02-22T23:17:53.777+01:00  INFO 51429 --- [main] com.zaxxer.hikari.pool.HikariPool        : HikariPool-1 - Added connection conn0: url=jdbc:h2:mem:testdb user=SA
2023-02-22T23:17:53.779+01:00  INFO 51429 --- [main] com.zaxxer.hikari.HikariDataSource       : HikariPool-1 - Start completed.
2023-02-22T23:17:53.794+01:00  INFO 51429 --- [main] o.s.b.a.h2.H2ConsoleAutoConfiguration    : H2 console available at '/h2-console'. Database available at 'jdbc:h2:mem:testdb'
2023-02-22T23:17:54.166+01:00  INFO 51429 --- [main] o.hibernate.jpa.internal.util.LogHelper  : HHH000204: Processing PersistenceUnitInfo [name: default]
2023-02-22T23:17:54.248+01:00  INFO 51429 --- [main] org.hibernate.Version                    : HHH000412: Hibernate ORM core version 6.1.6.Final
2023-02-22T23:17:54.526+01:00  WARN 51429 --- [main] org.hibernate.orm.deprecation            : HHH90000021: Encountered deprecated setting [javax.persistence.sharedCache.mode], use [jakarta.persistence.sharedCache.mode] instead
2023-02-22T23:17:54.710+01:00  INFO 51429 --- [main] SQL dialect                              : HHH000400: Using dialect: org.hibernate.dialect.H2Dialect
2023-02-22T23:17:56.107+01:00  INFO 51429 --- [main] o.h.t.schema.internal.SchemaCreatorImpl  : HHH000476: Executing import script 'file:/home/tomasz/Desktop/email-sender/target/classes/import.sql'
2023-02-22T23:17:56.114+01:00  INFO 51429 --- [main] o.h.e.t.j.p.i.JtaPlatformInitiator       : HHH000490: Using JtaPlatform implementation: [org.hibernate.engine.transaction.jta.platform.internal.NoJtaPlatform]
2023-02-22T23:17:56.123+01:00  INFO 51429 --- [main] j.LocalContainerEntityManagerFactoryBean : Initialized JPA EntityManagerFactory for persistence unit 'default'
2023-02-22T23:17:56.646+01:00  WARN 51429 --- [main] JpaBaseConfiguration$JpaWebConfiguration : spring.jpa.open-in-view is enabled by default. Therefore, database queries may be performed during view rendering. Explicitly configure spring.jpa.open-in-view to disable this warning
2023-02-22T23:17:57.161+01:00  INFO 51429 --- [main] o.s.b.w.embedded.tomcat.TomcatWebServer  : Tomcat started on port(s): 9090 (http) with context path ''
2023-02-22T23:17:57.176+01:00  INFO 51429 --- [main] c.t.emailsender.EmailSenderApplication   : Started EmailSenderApplication in 8.929 seconds (process running for 9.748)
2023-02-22T23:18:42.663+01:00  INFO 51429 --- [http-nio-9090-exec-2] o.a.c.c.C.[Tomcat].[localhost].[/]       : Initializing Spring DispatcherServlet 'dispatcherServlet'
2023-02-22T23:18:42.663+01:00  INFO 51429 --- [http-nio-9090-exec-2] o.s.web.servlet.DispatcherServlet        : Initializing Servlet 'dispatcherServlet'
2023-02-22T23:18:42.665+01:00  INFO 51429 --- [http-nio-9090-exec-2] o.s.web.servlet.DispatcherServlet        : Completed initialization in 2 ms
